  Building Custom Rule E:/GitHub/Terros/cef-project/cefsimple/CMakeLists.txt
  CMake does not need to re-run because E:\GitHub\Terros\cef-main\cefsimple\CMakeFiles\generate.stamp is up-to-date.
  simple_app.cc
  simple_handler.cc
  cefsimple_win.cc
  simple_handler_win.cc
  cef_sandbox.lib(base.windows_version.obj) : MSIL .netmodule or module compiled with /GL found; restarting link with /LTCG; add /LTCG to the link command line to improve linker performance
LINK : warning LNK4075: ignoring '/INCREMENTAL' due to '/LTCG' specification
     Creating library E:/GitHub/Terros/cef-main/cefsimple/Debug/cefsimple.lib and object E:/GitHub/Terros/cef-main/cefsimple/Debug/cefsimple.exp
  Generating code
  Finished generating code
cef_sandbox.lib(base.windows_version.obj) : warning LNK4099: PDB 'base.cc.pdb' was not found with 'cef_sandbox.lib(base.windows_version.obj)' or at 'E:\GitHub\Terros\cef-main\cefsimple\Debug\base.cc.pdb'; linking object as if no debug info
cef_sandbox.lib(base.utf_string_conversions.obj) : warning LNK4099: PDB 'base.cc.pdb' was not found with 'cef_sandbox.lib(base.utf_string_conversions.obj)' or at 'E:\GitHub\Terros\cef-main\cefsimple\Debug\base.cc.pdb'; linking object as if no debug info
cef_sandbox.lib(base.file_path.obj) : warning LNK4099: PDB 'base.cc.pdb' was not found with 'cef_sandbox.lib(base.file_path.obj)' or at 'E:\GitHub\Terros\cef-main\cefsimple\Debug\base.cc.pdb'; linking object as if no debug info
cef_sandbox.lib(base.registry.obj) : warning LNK4099: PDB 'base.cc.pdb' was not found with 'cef_sandbox.lib(base.registry.obj)' or at 'E:\GitHub\Terros\cef-main\cefsimple\Debug\base.cc.pdb'; linking object as if no debug info
cef_sandbox.lib(base.file_version_info_win.obj) : warning LNK4099: PDB 'base.cc.pdb' was not found with 'cef_sandbox.lib(base.file_version_info_win.obj)' or at 'E:\GitHub\Terros\cef-main\cefsimple\Debug\base.cc.pdb'; linking object as if no debug info
cef_sandbox.lib(base.logging.obj) : warning LNK4099: PDB 'base.cc.pdb' was not found with 'cef_sandbox.lib(base.logging.obj)' or at 'E:\GitHub\Terros\cef-main\cefsimple\Debug\base.cc.pdb'; linking object as if no debug info
cef_sandbox.lib(base.location.obj) : warning LNK4099: PDB 'base.cc.pdb' was not found with 'cef_sandbox.lib(base.location.obj)' or at 'E:\GitHub\Terros\cef-main\cefsimple\Debug\base.cc.pdb'; linking object as if no debug info
cef_sandbox.lib(base.scoped_handle.obj) : warning LNK4099: PDB 'base.cc.pdb' was not found with 'cef_sandbox.lib(base.scoped_handle.obj)' or at 'E:\GitHub\Terros\cef-main\cefsimple\Debug\base.cc.pdb'; linking object as if no debug info
cef_sandbox.lib(base.platform_thread_win.obj) : warning LNK4099: PDB 'base.cc.pdb' was not found with 'cef_sandbox.lib(base.platform_thread_win.obj)' or at 'E:\GitHub\Terros\cef-main\cefsimple\Debug\base.cc.pdb'; linking object as if no debug info
cef_sandbox.lib(base.scoped_process_information.obj) : warning LNK4099: PDB 'base.cc.pdb' was not found with 'cef_sandbox.lib(base.scoped_process_information.obj)' or at 'E:\GitHub\Terros\cef-main\cefsimple\Debug\base.cc.pdb'; linking object as if no debug info
cef_sandbox.lib(base.startup_information.obj) : warning LNK4099: PDB 'base.cc.pdb' was not found with 'cef_sandbox.lib(base.startup_information.obj)' or at 'E:\GitHub\Terros\cef-main\cefsimple\Debug\base.cc.pdb'; linking object as if no debug info
cef_sandbox.lib(base.string_piece.obj) : warning LNK4099: PDB 'base.cc.pdb' was not found with 'cef_sandbox.lib(base.string_piece.obj)' or at 'E:\GitHub\Terros\cef-main\cefsimple\Debug\base.cc.pdb'; linking object as if no debug info
cef_sandbox.lib(base.utf_string_conversion_utils.obj) : warning LNK4099: PDB 'base.cc.pdb' was not found with 'cef_sandbox.lib(base.utf_string_conversion_utils.obj)' or at 'E:\GitHub\Terros\cef-main\cefsimple\Debug\base.cc.pdb'; linking object as if no debug info
cef_sandbox.lib(base.string_util.obj) : warning LNK4099: PDB 'base.cc.pdb' was not found with 'cef_sandbox.lib(base.string_util.obj)' or at 'E:\GitHub\Terros\cef-main\cefsimple\Debug\base.cc.pdb'; linking object as if no debug info
cef_sandbox.lib(base.file_path_constants.obj) : warning LNK4099: PDB 'base.cc.pdb' was not found with 'cef_sandbox.lib(base.file_path_constants.obj)' or at 'E:\GitHub\Terros\cef-main\cefsimple\Debug\base.cc.pdb'; linking object as if no debug info
cef_sandbox.lib(base.pickle.obj) : warning LNK4099: PDB 'base.cc.pdb' was not found with 'cef_sandbox.lib(base.pickle.obj)' or at 'E:\GitHub\Terros\cef-main\cefsimple\Debug\base.cc.pdb'; linking object as if no debug info
cef_sandbox.lib(base.callback_internal.obj) : warning LNK4099: PDB 'base.cc.pdb' was not found with 'cef_sandbox.lib(base.callback_internal.obj)' or at 'E:\GitHub\Terros\cef-main\cefsimple\Debug\base.cc.pdb'; linking object as if no debug info
cef_sandbox.lib(base.object_watcher.obj) : warning LNK4099: PDB 'base.cc.pdb' was not found with 'cef_sandbox.lib(base.object_watcher.obj)' or at 'E:\GitHub\Terros\cef-main\cefsimple\Debug\base.cc.pdb'; linking object as if no debug info
cef_sandbox.lib(base.thread_restrictions.obj) : warning LNK4099: PDB 'base.cc.pdb' was not found with 'cef_sandbox.lib(base.thread_restrictions.obj)' or at 'E:\GitHub\Terros\cef-main\cefsimple\Debug\base.cc.pdb'; linking object as if no debug info
cef_sandbox.lib(base.debugger_win.obj) : warning LNK4099: PDB 'base.cc.pdb' was not found with 'cef_sandbox.lib(base.debugger_win.obj)' or at 'E:\GitHub\Terros\cef-main\cefsimple\Debug\base.cc.pdb'; linking object as if no debug info
cef_sandbox.lib(base.alias.obj) : warning LNK4099: PDB 'base.cc.pdb' was not found with 'cef_sandbox.lib(base.alias.obj)' or at 'E:\GitHub\Terros\cef-main\cefsimple\Debug\base.cc.pdb'; linking object as if no debug info
cef_sandbox.lib(base.stack_trace_win.obj) : warning LNK4099: PDB 'base.cc.pdb' was not found with 'cef_sandbox.lib(base.stack_trace_win.obj)' or at 'E:\GitHub\Terros\cef-main\cefsimple\Debug\base.cc.pdb'; linking object as if no debug info
cef_sandbox.lib(base.stack_trace.obj) : warning LNK4099: PDB 'base.cc.pdb' was not found with 'cef_sandbox.lib(base.stack_trace.obj)' or at 'E:\GitHub\Terros\cef-main\cefsimple\Debug\base.cc.pdb'; linking object as if no debug info
cef_sandbox.lib(base.file_util_win.obj) : warning LNK4099: PDB 'base.cc.pdb' was not found with 'cef_sandbox.lib(base.file_util_win.obj)' or at 'E:\GitHub\Terros\cef-main\cefsimple\Debug\base.cc.pdb'; linking object as if no debug info
cef_sandbox.lib(base.command_line.obj) : warning LNK4099: PDB 'base.cc.pdb' was not found with 'cef_sandbox.lib(base.command_line.obj)' or at 'E:\GitHub\Terros\cef-main\cefsimple\Debug\base.cc.pdb'; linking object as if no debug info
cef_sandbox.lib(base.stringprintf.obj) : warning LNK4099: PDB 'base.cc.pdb' was not found with 'cef_sandbox.lib(base.stringprintf.obj)' or at 'E:\GitHub\Terros\cef-main\cefsimple\Debug\base.cc.pdb'; linking object as if no debug info
cef_sandbox.lib(base.vlog.obj) : warning LNK4099: PDB 'base.cc.pdb' was not found with 'cef_sandbox.lib(base.vlog.obj)' or at 'E:\GitHub\Terros\cef-main\cefsimple\Debug\base.cc.pdb'; linking object as if no debug info
cef_sandbox.lib(base_static.base_switches.obj) : warning LNK4099: PDB 'base_static.cc.pdb' was not found with 'cef_sandbox.lib(base_static.base_switches.obj)' or at 'E:\GitHub\Terros\cef-main\cefsimple\Debug\base_static.cc.pdb'; linking object as if no debug info
cef_sandbox.lib(base.string_number_conversions.obj) : warning LNK4099: PDB 'base.cc.pdb' was not found with 'cef_sandbox.lib(base.string_number_conversions.obj)' or at 'E:\GitHub\Terros\cef-main\cefsimple\Debug\base.cc.pdb'; linking object as if no debug info
cef_sandbox.lib(base.hash.obj) : warning LNK4099: PDB 'base.cc.pdb' was not found with 'cef_sandbox.lib(base.hash.obj)' or at 'E:\GitHub\Terros\cef-main\cefsimple\Debug\base.cc.pdb'; linking object as if no debug info
cef_sandbox.lib(base.lock_impl_win.obj) : warning LNK4099: PDB 'base.cc.pdb' was not found with 'cef_sandbox.lib(base.lock_impl_win.obj)' or at 'E:\GitHub\Terros\cef-main\cefsimple\Debug\base.cc.pdb'; linking object as if no debug info
cef_sandbox.lib(base.lazy_instance.obj) : warning LNK4099: PDB 'base.cc.pdb' was not found with 'cef_sandbox.lib(base.lazy_instance.obj)' or at 'E:\GitHub\Terros\cef-main\cefsimple\Debug\base.cc.pdb'; linking object as if no debug info
cef_sandbox.lib(base.thread_local_win.obj) : warning LNK4099: PDB 'base.cc.pdb' was not found with 'cef_sandbox.lib(base.thread_local_win.obj)' or at 'E:\GitHub\Terros\cef-main\cefsimple\Debug\base.cc.pdb'; linking object as if no debug info
cef_sandbox.lib(base.time.obj) : warning LNK4099: PDB 'base.cc.pdb' was not found with 'cef_sandbox.lib(base.time.obj)' or at 'E:\GitHub\Terros\cef-main\cefsimple\Debug\base.cc.pdb'; linking object as if no debug info
cef_sandbox.lib(base.thread_id_name_manager.obj) : warning LNK4099: PDB 'base.cc.pdb' was not found with 'cef_sandbox.lib(base.thread_id_name_manager.obj)' or at 'E:\GitHub\Terros\cef-main\cefsimple\Debug\base.cc.pdb'; linking object as if no debug info
cef_sandbox.lib(base.profiler.obj) : warning LNK4099: PDB 'base.cc.pdb' was not found with 'cef_sandbox.lib(base.profiler.obj)' or at 'E:\GitHub\Terros\cef-main\cefsimple\Debug\base.cc.pdb'; linking object as if no debug info
cef_sandbox.lib(base.time_win.obj) : warning LNK4099: PDB 'base.cc.pdb' was not found with 'cef_sandbox.lib(base.time_win.obj)' or at 'E:\GitHub\Terros\cef-main\cefsimple\Debug\base.cc.pdb'; linking object as if no debug info
cef_sandbox.lib(base.tracked_objects.obj) : warning LNK4099: PDB 'base.cc.pdb' was not found with 'cef_sandbox.lib(base.tracked_objects.obj)' or at 'E:\GitHub\Terros\cef-main\cefsimple\Debug\base.cc.pdb'; linking object as if no debug info
cef_sandbox.lib(base_static.pe_image.obj) : warning LNK4099: PDB 'base_static.cc.pdb' was not found with 'cef_sandbox.lib(base_static.pe_image.obj)' or at 'E:\GitHub\Terros\cef-main\cefsimple\Debug\base_static.cc.pdb'; linking object as if no debug info
cef_sandbox.lib(base.icu_utf.obj) : warning LNK4099: PDB 'base.cc.pdb' was not found with 'cef_sandbox.lib(base.icu_utf.obj)' or at 'E:\GitHub\Terros\cef-main\cefsimple\Debug\base.cc.pdb'; linking object as if no debug info
cef_sandbox.lib(base.string_util_constants.obj) : warning LNK4099: PDB 'base.cc.pdb' was not found with 'cef_sandbox.lib(base.string_util_constants.obj)' or at 'E:\GitHub\Terros\cef-main\cefsimple\Debug\base.cc.pdb'; linking object as if no debug info
cef_sandbox.lib(base.singleton.obj) : warning LNK4099: PDB 'base.cc.pdb' was not found with 'cef_sandbox.lib(base.singleton.obj)' or at 'E:\GitHub\Terros\cef-main\cefsimple\Debug\base.cc.pdb'; linking object as if no debug info
cef_sandbox.lib(base.at_exit.obj) : warning LNK4099: PDB 'base.cc.pdb' was not found with 'cef_sandbox.lib(base.at_exit.obj)' or at 'E:\GitHub\Terros\cef-main\cefsimple\Debug\base.cc.pdb'; linking object as if no debug info
cef_sandbox.lib(base.ref_counted.obj) : warning LNK4099: PDB 'base.cc.pdb' was not found with 'cef_sandbox.lib(base.ref_counted.obj)' or at 'E:\GitHub\Terros\cef-main\cefsimple\Debug\base.cc.pdb'; linking object as if no debug info
cef_sandbox.lib(base.weak_ptr.obj) : warning LNK4099: PDB 'base.cc.pdb' was not found with 'cef_sandbox.lib(base.weak_ptr.obj)' or at 'E:\GitHub\Terros\cef-main\cefsimple\Debug\base.cc.pdb'; linking object as if no debug info
cef_sandbox.lib(base.task_runner.obj) : warning LNK4099: PDB 'base.cc.pdb' was not found with 'cef_sandbox.lib(base.task_runner.obj)' or at 'E:\GitHub\Terros\cef-main\cefsimple\Debug\base.cc.pdb'; linking object as if no debug info
cef_sandbox.lib(base.message_loop.obj) : warning LNK4099: PDB 'base.cc.pdb' was not found with 'cef_sandbox.lib(base.message_loop.obj)' or at 'E:\GitHub\Terros\cef-main\cefsimple\Debug\base.cc.pdb'; linking object as if no debug info
cef_sandbox.lib(base.debugger.obj) : warning LNK4099: PDB 'base.cc.pdb' was not found with 'cef_sandbox.lib(base.debugger.obj)' or at 'E:\GitHub\Terros\cef-main\cefsimple\Debug\base.cc.pdb'; linking object as if no debug info
cef_sandbox.lib(base.lock.obj) : warning LNK4099: PDB 'base.cc.pdb' was not found with 'cef_sandbox.lib(base.lock.obj)' or at 'E:\GitHub\Terros\cef-main\cefsimple\Debug\base.cc.pdb'; linking object as if no debug info
cef_sandbox.lib(base.file_win.obj) : warning LNK4099: PDB 'base.cc.pdb' was not found with 'cef_sandbox.lib(base.file_win.obj)' or at 'E:\GitHub\Terros\cef-main\cefsimple\Debug\base.cc.pdb'; linking object as if no debug info
cef_sandbox.lib(base.file.obj) : warning LNK4099: PDB 'base.cc.pdb' was not found with 'cef_sandbox.lib(base.file.obj)' or at 'E:\GitHub\Terros\cef-main\cefsimple\Debug\base.cc.pdb'; linking object as if no debug info
cef_sandbox.lib(base.file_enumerator_win.obj) : warning LNK4099: PDB 'base.cc.pdb' was not found with 'cef_sandbox.lib(base.file_enumerator_win.obj)' or at 'E:\GitHub\Terros\cef-main\cefsimple\Debug\base.cc.pdb'; linking object as if no debug info
cef_sandbox.lib(base.file_enumerator.obj) : warning LNK4099: PDB 'base.cc.pdb' was not found with 'cef_sandbox.lib(base.file_enumerator.obj)' or at 'E:\GitHub\Terros\cef-main\cefsimple\Debug\base.cc.pdb'; linking object as if no debug info
cef_sandbox.lib(base.rand_util.obj) : warning LNK4099: PDB 'base.cc.pdb' was not found with 'cef_sandbox.lib(base.rand_util.obj)' or at 'E:\GitHub\Terros\cef-main\cefsimple\Debug\base.cc.pdb'; linking object as if no debug info
cef_sandbox.lib(base.process_handle_win.obj) : warning LNK4099: PDB 'base.cc.pdb' was not found with 'cef_sandbox.lib(base.process_handle_win.obj)' or at 'E:\GitHub\Terros\cef-main\cefsimple\Debug\base.cc.pdb'; linking object as if no debug info
cef_sandbox.lib(base.string_split.obj) : warning LNK4099: PDB 'base.cc.pdb' was not found with 'cef_sandbox.lib(base.string_split.obj)' or at 'E:\GitHub\Terros\cef-main\cefsimple\Debug\base.cc.pdb'; linking object as if no debug info
cef_sandbox.lib(base.dtoa_wrapper.obj) : warning LNK4099: PDB 'base.cc.pdb' was not found with 'cef_sandbox.lib(base.dtoa_wrapper.obj)' or at 'E:\GitHub\Terros\cef-main\cefsimple\Debug\base.cc.pdb'; linking object as if no debug info
cef_sandbox.lib(base.g_fmt.obj) : warning LNK4099: PDB 'base.cc.pdb' was not found with 'cef_sandbox.lib(base.g_fmt.obj)' or at 'E:\GitHub\Terros\cef-main\cefsimple\Debug\base.cc.pdb'; linking object as if no debug info
cef_sandbox.lib(base.superfasthash.obj) : warning LNK4099: PDB 'base.c.pdb' was not found with 'cef_sandbox.lib(base.superfasthash.obj)' or at 'E:\GitHub\Terros\cef-main\cefsimple\Debug\base.c.pdb'; linking object as if no debug info
cef_sandbox.lib(base.prtime.obj) : warning LNK4099: PDB 'base.cc.pdb' was not found with 'cef_sandbox.lib(base.prtime.obj)' or at 'E:\GitHub\Terros\cef-main\cefsimple\Debug\base.cc.pdb'; linking object as if no debug info
cef_sandbox.lib(base.heap_profiler_allocation_context_tracker.obj) : warning LNK4099: PDB 'base.cc.pdb' was not found with 'cef_sandbox.lib(base.heap_profiler_allocation_context_tracker.obj)' or at 'E:\GitHub\Terros\cef-main\cefsimple\Debug\base.cc.pdb'; linking object as if no debug info
cef_sandbox.lib(base.cpu.obj) : warning LNK4099: PDB 'base.cc.pdb' was not found with 'cef_sandbox.lib(base.cpu.obj)' or at 'E:\GitHub\Terros\cef-main\cefsimple\Debug\base.cc.pdb'; linking object as if no debug info
cef_sandbox.lib(base.thread_local_storage.obj) : warning LNK4099: PDB 'base.cc.pdb' was not found with 'cef_sandbox.lib(base.thread_local_storage.obj)' or at 'E:\GitHub\Terros\cef-main\cefsimple\Debug\base.cc.pdb'; linking object as if no debug info
cef_sandbox.lib(base.tracked_time.obj) : warning LNK4099: PDB 'base.cc.pdb' was not found with 'cef_sandbox.lib(base.tracked_time.obj)' or at 'E:\GitHub\Terros\cef-main\cefsimple\Debug\base.cc.pdb'; linking object as if no debug info
cef_sandbox.lib(base.sequence_checker_impl.obj) : warning LNK4099: PDB 'base.cc.pdb' was not found with 'cef_sandbox.lib(base.sequence_checker_impl.obj)' or at 'E:\GitHub\Terros\cef-main\cefsimple\Debug\base.cc.pdb'; linking object as if no debug info
cef_sandbox.lib(base.post_task_and_reply_impl.obj) : warning LNK4099: PDB 'base.cc.pdb' was not found with 'cef_sandbox.lib(base.post_task_and_reply_impl.obj)' or at 'E:\GitHub\Terros\cef-main\cefsimple\Debug\base.cc.pdb'; linking object as if no debug info
cef_sandbox.lib(base.pending_task.obj) : warning LNK4099: PDB 'base.cc.pdb' was not found with 'cef_sandbox.lib(base.pending_task.obj)' or at 'E:\GitHub\Terros\cef-main\cefsimple\Debug\base.cc.pdb'; linking object as if no debug info
cef_sandbox.lib(base.statistics_recorder.obj) : warning LNK4099: PDB 'base.cc.pdb' was not found with 'cef_sandbox.lib(base.statistics_recorder.obj)' or at 'E:\GitHub\Terros\cef-main\cefsimple\Debug\base.cc.pdb'; linking object as if no debug info
cef_sandbox.lib(base.message_loop_task_runner.obj) : warning LNK4099: PDB 'base.cc.pdb' was not found with 'cef_sandbox.lib(base.message_loop_task_runner.obj)' or at 'E:\GitHub\Terros\cef-main\cefsimple\Debug\base.cc.pdb'; linking object as if no debug info
cef_sandbox.lib(base.incoming_task_queue.obj) : warning LNK4099: PDB 'base.cc.pdb' was not found with 'cef_sandbox.lib(base.incoming_task_queue.obj)' or at 'E:\GitHub\Terros\cef-main\cefsimple\Debug\base.cc.pdb'; linking object as if no debug info
cef_sandbox.lib(base.trace_log.obj) : warning LNK4099: PDB 'base.cc.pdb' was not found with 'cef_sandbox.lib(base.trace_log.obj)' or at 'E:\GitHub\Terros\cef-main\cefsimple\Debug\base.cc.pdb'; linking object as if no debug info
cef_sandbox.lib(base.histogram.obj) : warning LNK4099: PDB 'base.cc.pdb' was not found with 'cef_sandbox.lib(base.histogram.obj)' or at 'E:\GitHub\Terros\cef-main\cefsimple\Debug\base.cc.pdb'; linking object as if no debug info
cef_sandbox.lib(base.task_annotator.obj) : warning LNK4099: PDB 'base.cc.pdb' was not found with 'cef_sandbox.lib(base.task_annotator.obj)' or at 'E:\GitHub\Terros\cef-main\cefsimple\Debug\base.cc.pdb'; linking object as if no debug info
cef_sandbox.lib(base.thread_task_runner_handle.obj) : warning LNK4099: PDB 'base.cc.pdb' was not found with 'cef_sandbox.lib(base.thread_task_runner_handle.obj)' or at 'E:\GitHub\Terros\cef-main\cefsimple\Debug\base.cc.pdb'; linking object as if no debug info
cef_sandbox.lib(base.message_pump_win.obj) : warning LNK4099: PDB 'base.cc.pdb' was not found with 'cef_sandbox.lib(base.message_pump_win.obj)' or at 'E:\GitHub\Terros\cef-main\cefsimple\Debug\base.cc.pdb'; linking object as if no debug info
cef_sandbox.lib(base.run_loop.obj) : warning LNK4099: PDB 'base.cc.pdb' was not found with 'cef_sandbox.lib(base.run_loop.obj)' or at 'E:\GitHub\Terros\cef-main\cefsimple\Debug\base.cc.pdb'; linking object as if no debug info
cef_sandbox.lib(base.message_pump_default.obj) : warning LNK4099: PDB 'base.cc.pdb' was not found with 'cef_sandbox.lib(base.message_pump_default.obj)' or at 'E:\GitHub\Terros\cef-main\cefsimple\Debug\base.cc.pdb'; linking object as if no debug info
cef_sandbox.lib(base.sequenced_task_runner.obj) : warning LNK4099: PDB 'base.cc.pdb' was not found with 'cef_sandbox.lib(base.sequenced_task_runner.obj)' or at 'E:\GitHub\Terros\cef-main\cefsimple\Debug\base.cc.pdb'; linking object as if no debug info
cef_sandbox.lib(base.sparse_histogram.obj) : warning LNK4099: PDB 'base.cc.pdb' was not found with 'cef_sandbox.lib(base.sparse_histogram.obj)' or at 'E:\GitHub\Terros\cef-main\cefsimple\Debug\base.cc.pdb'; linking object as if no debug info
cef_sandbox.lib(base.file_tracing.obj) : warning LNK4099: PDB 'base.cc.pdb' was not found with 'cef_sandbox.lib(base.file_tracing.obj)' or at 'E:\GitHub\Terros\cef-main\cefsimple\Debug\base.cc.pdb'; linking object as if no debug info
cef_sandbox.lib(base.elapsed_timer.obj) : warning LNK4099: PDB 'base.cc.pdb' was not found with 'cef_sandbox.lib(base.elapsed_timer.obj)' or at 'E:\GitHub\Terros\cef-main\cefsimple\Debug\base.cc.pdb'; linking object as if no debug info
cef_sandbox.lib(base.histogram_base.obj) : warning LNK4099: PDB 'base.cc.pdb' was not found with 'cef_sandbox.lib(base.histogram_base.obj)' or at 'E:\GitHub\Terros\cef-main\cefsimple\Debug\base.cc.pdb'; linking object as if no debug info
cef_sandbox.lib(base.rand_util_win.obj) : warning LNK4099: PDB 'base.cc.pdb' was not found with 'cef_sandbox.lib(base.rand_util_win.obj)' or at 'E:\GitHub\Terros\cef-main\cefsimple\Debug\base.cc.pdb'; linking object as if no debug info
cef_sandbox.lib(base.heap_profiler_allocation_context.obj) : warning LNK4099: PDB 'base.cc.pdb' was not found with 'cef_sandbox.lib(base.heap_profiler_allocation_context.obj)' or at 'E:\GitHub\Terros\cef-main\cefsimple\Debug\base.cc.pdb'; linking object as if no debug info
cef_sandbox.lib(base.thread_local_storage_win.obj) : warning LNK4099: PDB 'base.cc.pdb' was not found with 'cef_sandbox.lib(base.thread_local_storage_win.obj)' or at 'E:\GitHub\Terros\cef-main\cefsimple\Debug\base.cc.pdb'; linking object as if no debug info
cef_sandbox.lib(base.shared_memory_handle_win.obj) : warning LNK4099: PDB 'base.cc.pdb' was not found with 'cef_sandbox.lib(base.shared_memory_handle_win.obj)' or at 'E:\GitHub\Terros\cef-main\cefsimple\Debug\base.cc.pdb'; linking object as if no debug info
cef_sandbox.lib(base.shared_memory_win.obj) : warning LNK4099: PDB 'base.cc.pdb' was not found with 'cef_sandbox.lib(base.shared_memory_win.obj)' or at 'E:\GitHub\Terros\cef-main\cefsimple\Debug\base.cc.pdb'; linking object as if no debug info
cef_sandbox.lib(base.sequenced_worker_pool.obj) : warning LNK4099: PDB 'base.cc.pdb' was not found with 'cef_sandbox.lib(base.sequenced_worker_pool.obj)' or at 'E:\GitHub\Terros\cef-main\cefsimple\Debug\base.cc.pdb'; linking object as if no debug info
cef_sandbox.lib(base.thread_checker_impl.obj) : warning LNK4099: PDB 'base.cc.pdb' was not found with 'cef_sandbox.lib(base.thread_checker_impl.obj)' or at 'E:\GitHub\Terros\cef-main\cefsimple\Debug\base.cc.pdb'; linking object as if no debug info
cef_sandbox.lib(base.tracking_info.obj) : warning LNK4099: PDB 'base.cc.pdb' was not found with 'cef_sandbox.lib(base.tracking_info.obj)' or at 'E:\GitHub\Terros\cef-main\cefsimple\Debug\base.cc.pdb'; linking object as if no debug info
cef_sandbox.lib(base.persistent_histogram_allocator.obj) : warning LNK4099: PDB 'base.cc.pdb' was not found with 'cef_sandbox.lib(base.persistent_histogram_allocator.obj)' or at 'E:\GitHub\Terros\cef-main\cefsimple\Debug\base.cc.pdb'; linking object as if no debug info
cef_sandbox.lib(base.bucket_ranges.obj) : warning LNK4099: PDB 'base.cc.pdb' was not found with 'cef_sandbox.lib(base.bucket_ranges.obj)' or at 'E:\GitHub\Terros\cef-main\cefsimple\Debug\base.cc.pdb'; linking object as if no debug info
cef_sandbox.lib(base.string_escape.obj) : warning LNK4099: PDB 'base.cc.pdb' was not found with 'cef_sandbox.lib(base.string_escape.obj)' or at 'E:\GitHub\Terros\cef-main\cefsimple\Debug\base.cc.pdb'; linking object as if no debug info
cef_sandbox.lib(base.trace_log_constants.obj) : warning LNK4099: PDB 'base.cc.pdb' was not found with 'cef_sandbox.lib(base.trace_log_constants.obj)' or at 'E:\GitHub\Terros\cef-main\cefsimple\Debug\base.cc.pdb'; linking object as if no debug info
cef_sandbox.lib(base.trace_event_etw_export_win.obj) : warning LNK4099: PDB 'base.cc.pdb' was not found with 'cef_sandbox.lib(base.trace_event_etw_export_win.obj)' or at 'E:\GitHub\Terros\cef-main\cefsimple\Debug\base.cc.pdb'; linking object as if no debug info
cef_sandbox.lib(base.trace_event_synthetic_delay.obj) : warning LNK4099: PDB 'base.cc.pdb' was not found with 'cef_sandbox.lib(base.trace_event_synthetic_delay.obj)' or at 'E:\GitHub\Terros\cef-main\cefsimple\Debug\base.cc.pdb'; linking object as if no debug info
cef_sandbox.lib(base.trace_buffer.obj) : warning LNK4099: PDB 'base.cc.pdb' was not found with 'cef_sandbox.lib(base.trace_buffer.obj)' or at 'E:\GitHub\Terros\cef-main\cefsimple\Debug\base.cc.pdb'; linking object as if no debug info
cef_sandbox.lib(base.trace_config.obj) : warning LNK4099: PDB 'base.cc.pdb' was not found with 'cef_sandbox.lib(base.trace_config.obj)' or at 'E:\GitHub\Terros\cef-main\cefsimple\Debug\base.cc.pdb'; linking object as if no debug info
cef_sandbox.lib(base.trace_event_memory_overhead.obj) : warning LNK4099: PDB 'base.cc.pdb' was not found with 'cef_sandbox.lib(base.trace_event_memory_overhead.obj)' or at 'E:\GitHub\Terros\cef-main\cefsimple\Debug\base.cc.pdb'; linking object as if no debug info
cef_sandbox.lib(base.trace_sampling_thread.obj) : warning LNK4099: PDB 'base.cc.pdb' was not found with 'cef_sandbox.lib(base.trace_sampling_thread.obj)' or at 'E:\GitHub\Terros\cef-main\cefsimple\Debug\base.cc.pdb'; linking object as if no debug info
cef_sandbox.lib(base.memory_dump_manager.obj) : warning LNK4099: PDB 'base.cc.pdb' was not found with 'cef_sandbox.lib(base.memory_dump_manager.obj)' or at 'E:\GitHub\Terros\cef-main\cefsimple\Debug\base.cc.pdb'; linking object as if no debug info
cef_sandbox.lib(base.trace_event_impl.obj) : warning LNK4099: PDB 'base.cc.pdb' was not found with 'cef_sandbox.lib(base.trace_event_impl.obj)' or at 'E:\GitHub\Terros\cef-main\cefsimple\Debug\base.cc.pdb'; linking object as if no debug info
cef_sandbox.lib(base.ref_counted_memory.obj) : warning LNK4099: PDB 'base.cc.pdb' was not found with 'cef_sandbox.lib(base.ref_counted_memory.obj)' or at 'E:\GitHub\Terros\cef-main\cefsimple\Debug\base.cc.pdb'; linking object as if no debug info
cef_sandbox.lib(base.sys_info_win.obj) : warning LNK4099: PDB 'base.cc.pdb' was not found with 'cef_sandbox.lib(base.sys_info_win.obj)' or at 'E:\GitHub\Terros\cef-main\cefsimple\Debug\base.cc.pdb'; linking object as if no debug info
cef_sandbox.lib(base.worker_pool_win.obj) : warning LNK4099: PDB 'base.cc.pdb' was not found with 'cef_sandbox.lib(base.worker_pool_win.obj)' or at 'E:\GitHub\Terros\cef-main\cefsimple\Debug\base.cc.pdb'; linking object as if no debug info
cef_sandbox.lib(base.values.obj) : warning LNK4099: PDB 'base.cc.pdb' was not found with 'cef_sandbox.lib(base.values.obj)' or at 'E:\GitHub\Terros\cef-main\cefsimple\Debug\base.cc.pdb'; linking object as if no debug info
cef_sandbox.lib(base.metrics_hashes.obj) : warning LNK4099: PDB 'base.cc.pdb' was not found with 'cef_sandbox.lib(base.metrics_hashes.obj)' or at 'E:\GitHub\Terros\cef-main\cefsimple\Debug\base.cc.pdb'; linking object as if no debug info
cef_sandbox.lib(base.sample_vector.obj) : warning LNK4099: PDB 'base.cc.pdb' was not found with 'cef_sandbox.lib(base.sample_vector.obj)' or at 'E:\GitHub\Terros\cef-main\cefsimple\Debug\base.cc.pdb'; linking object as if no debug info
cef_sandbox.lib(base.sequenced_task_runner_handle.obj) : warning LNK4099: PDB 'base.cc.pdb' was not found with 'cef_sandbox.lib(base.sequenced_task_runner_handle.obj)' or at 'E:\GitHub\Terros\cef-main\cefsimple\Debug\base.cc.pdb'; linking object as if no debug info
cef_sandbox.lib(base.wrapped_window_proc.obj) : warning LNK4099: PDB 'base.cc.pdb' was not found with 'cef_sandbox.lib(base.wrapped_window_proc.obj)' or at 'E:\GitHub\Terros\cef-main\cefsimple\Debug\base.cc.pdb'; linking object as if no debug info
cef_sandbox.lib(base.message_pump.obj) : warning LNK4099: PDB 'base.cc.pdb' was not found with 'cef_sandbox.lib(base.message_pump.obj)' or at 'E:\GitHub\Terros\cef-main\cefsimple\Debug\base.cc.pdb'; linking object as if no debug info
cef_sandbox.lib(base.waitable_event_win.obj) : warning LNK4099: PDB 'base.cc.pdb' was not found with 'cef_sandbox.lib(base.waitable_event_win.obj)' or at 'E:\GitHub\Terros\cef-main\cefsimple\Debug\base.cc.pdb'; linking object as if no debug info
cef_sandbox.lib(base.persistent_sample_map.obj) : warning LNK4099: PDB 'base.cc.pdb' was not found with 'cef_sandbox.lib(base.persistent_sample_map.obj)' or at 'E:\GitHub\Terros\cef-main\cefsimple\Debug\base.cc.pdb'; linking object as if no debug info
cef_sandbox.lib(base.sample_map.obj) : warning LNK4099: PDB 'base.cc.pdb' was not found with 'cef_sandbox.lib(base.sample_map.obj)' or at 'E:\GitHub\Terros\cef-main\cefsimple\Debug\base.cc.pdb'; linking object as if no debug info
cef_sandbox.lib(base.json_string_value_serializer.obj) : warning LNK4099: PDB 'base.cc.pdb' was not found with 'cef_sandbox.lib(base.json_string_value_serializer.obj)' or at 'E:\GitHub\Terros\cef-main\cefsimple\Debug\base.cc.pdb'; linking object as if no debug info
cef_sandbox.lib(base.simple_thread.obj) : warning LNK4099: PDB 'base.cc.pdb' was not found with 'cef_sandbox.lib(base.simple_thread.obj)' or at 'E:\GitHub\Terros\cef-main\cefsimple\Debug\base.cc.pdb'; linking object as if no debug info
cef_sandbox.lib(base.condition_variable_win.obj) : warning LNK4099: PDB 'base.cc.pdb' was not found with 'cef_sandbox.lib(base.condition_variable_win.obj)' or at 'E:\GitHub\Terros\cef-main\cefsimple\Debug\base.cc.pdb'; linking object as if no debug info
cef_sandbox.lib(base.important_file_writer.obj) : warning LNK4099: PDB 'base.cc.pdb' was not found with 'cef_sandbox.lib(base.important_file_writer.obj)' or at 'E:\GitHub\Terros\cef-main\cefsimple\Debug\base.cc.pdb'; linking object as if no debug info
cef_sandbox.lib(base.persistent_memory_allocator.obj) : warning LNK4099: PDB 'base.cc.pdb' was not found with 'cef_sandbox.lib(base.persistent_memory_allocator.obj)' or at 'E:\GitHub\Terros\cef-main\cefsimple\Debug\base.cc.pdb'; linking object as if no debug info
cef_sandbox.lib(base.pattern.obj) : warning LNK4099: PDB 'base.cc.pdb' was not found with 'cef_sandbox.lib(base.pattern.obj)' or at 'E:\GitHub\Terros\cef-main\cefsimple\Debug\base.cc.pdb'; linking object as if no debug info
cef_sandbox.lib(base.memory_dump_request_args.obj) : warning LNK4099: PDB 'base.cc.pdb' was not found with 'cef_sandbox.lib(base.memory_dump_request_args.obj)' or at 'E:\GitHub\Terros\cef-main\cefsimple\Debug\base.cc.pdb'; linking object as if no debug info
cef_sandbox.lib(base.json_writer.obj) : warning LNK4099: PDB 'base.cc.pdb' was not found with 'cef_sandbox.lib(base.json_writer.obj)' or at 'E:\GitHub\Terros\cef-main\cefsimple\Debug\base.cc.pdb'; linking object as if no debug info
cef_sandbox.lib(base.json_reader.obj) : warning LNK4099: PDB 'base.cc.pdb' was not found with 'cef_sandbox.lib(base.json_reader.obj)' or at 'E:\GitHub\Terros\cef-main\cefsimple\Debug\base.cc.pdb'; linking object as if no debug info
cef_sandbox.lib(base.memory_allocator_dump.obj) : warning LNK4099: PDB 'base.cc.pdb' was not found with 'cef_sandbox.lib(base.memory_allocator_dump.obj)' or at 'E:\GitHub\Terros\cef-main\cefsimple\Debug\base.cc.pdb'; linking object as if no debug info
cef_sandbox.lib(base.process_memory_dump.obj) : warning LNK4099: PDB 'base.cc.pdb' was not found with 'cef_sandbox.lib(base.process_memory_dump.obj)' or at 'E:\GitHub\Terros\cef-main\cefsimple\Debug\base.cc.pdb'; linking object as if no debug info
cef_sandbox.lib(base.cancellation_flag.obj) : warning LNK4099: PDB 'base.cc.pdb' was not found with 'cef_sandbox.lib(base.cancellation_flag.obj)' or at 'E:\GitHub\Terros\cef-main\cefsimple\Debug\base.cc.pdb'; linking object as if no debug info
cef_sandbox.lib(base.winheap_dump_provider_win.obj) : warning LNK4099: PDB 'base.cc.pdb' was not found with 'cef_sandbox.lib(base.winheap_dump_provider_win.obj)' or at 'E:\GitHub\Terros\cef-main\cefsimple\Debug\base.cc.pdb'; linking object as if no debug info
cef_sandbox.lib(base.heap_profiler_type_name_deduplicator.obj) : warning LNK4099: PDB 'base.cc.pdb' was not found with 'cef_sandbox.lib(base.heap_profiler_type_name_deduplicator.obj)' or at 'E:\GitHub\Terros\cef-main\cefsimple\Debug\base.cc.pdb'; linking object as if no debug info
cef_sandbox.lib(base.memory_dump_session_state.obj) : warning LNK4099: PDB 'base.cc.pdb' was not found with 'cef_sandbox.lib(base.memory_dump_session_state.obj)' or at 'E:\GitHub\Terros\cef-main\cefsimple\Debug\base.cc.pdb'; linking object as if no debug info
cef_sandbox.lib(base.trace_event_argument.obj) : warning LNK4099: PDB 'base.cc.pdb' was not found with 'cef_sandbox.lib(base.trace_event_argument.obj)' or at 'E:\GitHub\Terros\cef-main\cefsimple\Debug\base.cc.pdb'; linking object as if no debug info
cef_sandbox.lib(base.heap_profiler_stack_frame_deduplicator.obj) : warning LNK4099: PDB 'base.cc.pdb' was not found with 'cef_sandbox.lib(base.heap_profiler_stack_frame_deduplicator.obj)' or at 'E:\GitHub\Terros\cef-main\cefsimple\Debug\base.cc.pdb'; linking object as if no debug info
cef_sandbox.lib(base.timer.obj) : warning LNK4099: PDB 'base.cc.pdb' was not found with 'cef_sandbox.lib(base.timer.obj)' or at 'E:\GitHub\Terros\cef-main\cefsimple\Debug\base.cc.pdb'; linking object as if no debug info
cef_sandbox.lib(base.thread.obj) : warning LNK4099: PDB 'base.cc.pdb' was not found with 'cef_sandbox.lib(base.thread.obj)' or at 'E:\GitHub\Terros\cef-main\cefsimple\Debug\base.cc.pdb'; linking object as if no debug info
cef_sandbox.lib(base.md5.obj) : warning LNK4099: PDB 'base.cc.pdb' was not found with 'cef_sandbox.lib(base.md5.obj)' or at 'E:\GitHub\Terros\cef-main\cefsimple\Debug\base.cc.pdb'; linking object as if no debug info
cef_sandbox.lib(base.histogram_samples.obj) : warning LNK4099: PDB 'base.cc.pdb' was not found with 'cef_sandbox.lib(base.histogram_samples.obj)' or at 'E:\GitHub\Terros\cef-main\cefsimple\Debug\base.cc.pdb'; linking object as if no debug info
cef_sandbox.lib(base.non_thread_safe_impl.obj) : warning LNK4099: PDB 'base.cc.pdb' was not found with 'cef_sandbox.lib(base.non_thread_safe_impl.obj)' or at 'E:\GitHub\Terros\cef-main\cefsimple\Debug\base.cc.pdb'; linking object as if no debug info
cef_sandbox.lib(base.memory_mapped_file.obj) : warning LNK4099: PDB 'base.cc.pdb' was not found with 'cef_sandbox.lib(base.memory_mapped_file.obj)' or at 'E:\GitHub\Terros\cef-main\cefsimple\Debug\base.cc.pdb'; linking object as if no debug info
cef_sandbox.lib(base.json_parser.obj) : warning LNK4099: PDB 'base.cc.pdb' was not found with 'cef_sandbox.lib(base.json_parser.obj)' or at 'E:\GitHub\Terros\cef-main\cefsimple\Debug\base.cc.pdb'; linking object as if no debug info
cef_sandbox.lib(base.memory_allocator_dump_guid.obj) : warning LNK4099: PDB 'base.cc.pdb' was not found with 'cef_sandbox.lib(base.memory_allocator_dump_guid.obj)' or at 'E:\GitHub\Terros\cef-main\cefsimple\Debug\base.cc.pdb'; linking object as if no debug info
cef_sandbox.lib(base.heap_profiler_heap_dump_writer.obj) : warning LNK4099: PDB 'base.cc.pdb' was not found with 'cef_sandbox.lib(base.heap_profiler_heap_dump_writer.obj)' or at 'E:\GitHub\Terros\cef-main\cefsimple\Debug\base.cc.pdb'; linking object as if no debug info
cef_sandbox.lib(base.process_memory_maps.obj) : warning LNK4099: PDB 'base.cc.pdb' was not found with 'cef_sandbox.lib(base.process_memory_maps.obj)' or at 'E:\GitHub\Terros\cef-main\cefsimple\Debug\base.cc.pdb'; linking object as if no debug info
cef_sandbox.lib(base.process_memory_totals.obj) : warning LNK4099: PDB 'base.cc.pdb' was not found with 'cef_sandbox.lib(base.process_memory_totals.obj)' or at 'E:\GitHub\Terros\cef-main\cefsimple\Debug\base.cc.pdb'; linking object as if no debug info
cef_sandbox.lib(base.process_metrics_win.obj) : warning LNK4099: PDB 'base.cc.pdb' was not found with 'cef_sandbox.lib(base.process_metrics_win.obj)' or at 'E:\GitHub\Terros\cef-main\cefsimple\Debug\base.cc.pdb'; linking object as if no debug info
cef_sandbox.lib(base.memory_mapped_file_win.obj) : warning LNK4099: PDB 'base.cc.pdb' was not found with 'cef_sandbox.lib(base.memory_mapped_file_win.obj)' or at 'E:\GitHub\Terros\cef-main\cefsimple\Debug\base.cc.pdb'; linking object as if no debug info
cef_sandbox.lib(base.sha1_portable.obj) : warning LNK4099: PDB 'base.cc.pdb' was not found with 'cef_sandbox.lib(base.sha1_portable.obj)' or at 'E:\GitHub\Terros\cef-main\cefsimple\Debug\base.cc.pdb'; linking object as if no debug info
cef_sandbox.lib(sandbox.preamble_patcher_with_stub.obj) : warning LNK4099: PDB 'sandbox.cc.pdb' was not found with 'cef_sandbox.lib(sandbox.preamble_patcher_with_stub.obj)' or at 'E:\GitHub\Terros\cef-main\cefsimple\Debug\sandbox.cc.pdb'; linking object as if no debug info
cef_sandbox.lib(sandbox.mini_disassembler.obj) : warning LNK4099: PDB 'sandbox.cc.pdb' was not found with 'cef_sandbox.lib(sandbox.mini_disassembler.obj)' or at 'E:\GitHub\Terros\cef-main\cefsimple\Debug\sandbox.cc.pdb'; linking object as if no debug info
cef_sandbox.lib(sandbox.ia32_opcode_map.obj) : warning LNK4099: PDB 'sandbox.cc.pdb' was not found with 'cef_sandbox.lib(sandbox.ia32_opcode_map.obj)' or at 'E:\GitHub\Terros\cef-main\cefsimple\Debug\sandbox.cc.pdb'; linking object as if no debug info
cef_sandbox.lib(sandbox.ia32_modrm_map.obj) : warning LNK4099: PDB 'sandbox.cc.pdb' was not found with 'cef_sandbox.lib(sandbox.ia32_modrm_map.obj)' or at 'E:\GitHub\Terros\cef-main\cefsimple\Debug\sandbox.cc.pdb'; linking object as if no debug info
cef_sandbox.lib(sandbox.sidestep_resolver.obj) : warning LNK4099: PDB 'sandbox.cc.pdb' was not found with 'cef_sandbox.lib(sandbox.sidestep_resolver.obj)' or at 'E:\GitHub\Terros\cef-main\cefsimple\Debug\sandbox.cc.pdb'; linking object as if no debug info
cef_sandbox.lib(sandbox.service_resolver_32.obj) : warning LNK4099: PDB 'sandbox.cc.pdb' was not found with 'cef_sandbox.lib(sandbox.service_resolver_32.obj)' or at 'E:\GitHub\Terros\cef-main\cefsimple\Debug\sandbox.cc.pdb'; linking object as if no debug info
cef_sandbox.lib(sandbox.resolver_32.obj) : warning LNK4099: PDB 'sandbox.cc.pdb' was not found with 'cef_sandbox.lib(sandbox.resolver_32.obj)' or at 'E:\GitHub\Terros\cef-main\cefsimple\Debug\sandbox.cc.pdb'; linking object as if no debug info
cef_sandbox.lib(sandbox.window.obj) : warning LNK4099: PDB 'sandbox.cc.pdb' was not found with 'cef_sandbox.lib(sandbox.window.obj)' or at 'E:\GitHub\Terros\cef-main\cefsimple\Debug\sandbox.cc.pdb'; linking object as if no debug info
cef_sandbox.lib(sandbox.win2k_threadpool.obj) : warning LNK4099: PDB 'sandbox.cc.pdb' was not found with 'cef_sandbox.lib(sandbox.win2k_threadpool.obj)' or at 'E:\GitHub\Terros\cef-main\cefsimple\Debug\sandbox.cc.pdb'; linking object as if no debug info
cef_sandbox.lib(sandbox.win_utils.obj) : warning LNK4099: PDB 'sandbox.cc.pdb' was not found with 'cef_sandbox.lib(sandbox.win_utils.obj)' or at 'E:\GitHub\Terros\cef-main\cefsimple\Debug\sandbox.cc.pdb'; linking object as if no debug info
cef_sandbox.lib(sandbox.top_level_dispatcher.obj) : warning LNK4099: PDB 'sandbox.cc.pdb' was not found with 'cef_sandbox.lib(sandbox.top_level_dispatcher.obj)' or at 'E:\GitHub\Terros\cef-main\cefsimple\Debug\sandbox.cc.pdb'; linking object as if no debug info
cef_sandbox.lib(sandbox.target_services.obj) : warning LNK4099: PDB 'sandbox.cc.pdb' was not found with 'cef_sandbox.lib(sandbox.target_services.obj)' or at 'E:\GitHub\Terros\cef-main\cefsimple\Debug\sandbox.cc.pdb'; linking object as if no debug info
cef_sandbox.lib(sandbox.target_process.obj) : warning LNK4099: PDB 'sandbox.cc.pdb' was not found with 'cef_sandbox.lib(sandbox.target_process.obj)' or at 'E:\GitHub\Terros\cef-main\cefsimple\Debug\sandbox.cc.pdb'; linking object as if no debug info
cef_sandbox.lib(sandbox.target_interceptions.obj) : warning LNK4099: PDB 'sandbox.cc.pdb' was not found with 'cef_sandbox.lib(sandbox.target_interceptions.obj)' or at 'E:\GitHub\Terros\cef-main\cefsimple\Debug\sandbox.cc.pdb'; linking object as if no debug info
cef_sandbox.lib(sandbox.sync_policy.obj) : warning LNK4099: PDB 'sandbox.cc.pdb' was not found with 'cef_sandbox.lib(sandbox.sync_policy.obj)' or at 'E:\GitHub\Terros\cef-main\cefsimple\Debug\sandbox.cc.pdb'; linking object as if no debug info
cef_sandbox.lib(sandbox.sync_interception.obj) : warning LNK4099: PDB 'sandbox.cc.pdb' was not found with 'cef_sandbox.lib(sandbox.sync_interception.obj)' or at 'E:\GitHub\Terros\cef-main\cefsimple\Debug\sandbox.cc.pdb'; linking object as if no debug info
cef_sandbox.lib(sandbox.sync_dispatcher.obj) : warning LNK4099: PDB 'sandbox.cc.pdb' was not found with 'cef_sandbox.lib(sandbox.sync_dispatcher.obj)' or at 'E:\GitHub\Terros\cef-main\cefsimple\Debug\sandbox.cc.pdb'; linking object as if no debug info
cef_sandbox.lib(sandbox.sid.obj) : warning LNK4099: PDB 'sandbox.cc.pdb' was not found with 'cef_sandbox.lib(sandbox.sid.obj)' or at 'E:\GitHub\Terros\cef-main\cefsimple\Debug\sandbox.cc.pdb'; linking object as if no debug info
cef_sandbox.lib(sandbox.sharedmem_ipc_server.obj) : warning LNK4099: PDB 'sandbox.cc.pdb' was not found with 'cef_sandbox.lib(sandbox.sharedmem_ipc_server.obj)' or at 'E:\GitHub\Terros\cef-main\cefsimple\Debug\sandbox.cc.pdb'; linking object as if no debug info
cef_sandbox.lib(sandbox.sharedmem_ipc_client.obj) : warning LNK4099: PDB 'sandbox.cc.pdb' was not found with 'cef_sandbox.lib(sandbox.sharedmem_ipc_client.obj)' or at 'E:\GitHub\Terros\cef-main\cefsimple\Debug\sandbox.cc.pdb'; linking object as if no debug info
cef_sandbox.lib(sandbox.service_resolver.obj) : warning LNK4099: PDB 'sandbox.cc.pdb' was not found with 'cef_sandbox.lib(sandbox.service_resolver.obj)' or at 'E:\GitHub\Terros\cef-main\cefsimple\Debug\sandbox.cc.pdb'; linking object as if no debug info
cef_sandbox.lib(sandbox.sandbox.obj) : warning LNK4099: PDB 'sandbox.cc.pdb' was not found with 'cef_sandbox.lib(sandbox.sandbox.obj)' or at 'E:\GitHub\Terros\cef-main\cefsimple\Debug\sandbox.cc.pdb'; linking object as if no debug info
cef_sandbox.lib(sandbox.sandbox_utils.obj) : warning LNK4099: PDB 'sandbox.cc.pdb' was not found with 'cef_sandbox.lib(sandbox.sandbox_utils.obj)' or at 'E:\GitHub\Terros\cef-main\cefsimple\Debug\sandbox.cc.pdb'; linking object as if no debug info
cef_sandbox.lib(sandbox.sandbox_rand.obj) : warning LNK4099: PDB 'sandbox.cc.pdb' was not found with 'cef_sandbox.lib(sandbox.sandbox_rand.obj)' or at 'E:\GitHub\Terros\cef-main\cefsimple\Debug\sandbox.cc.pdb'; linking object as if no debug info
cef_sandbox.lib(sandbox.sandbox_policy_base.obj) : warning LNK4099: PDB 'sandbox.cc.pdb' was not found with 'cef_sandbox.lib(sandbox.sandbox_policy_base.obj)' or at 'E:\GitHub\Terros\cef-main\cefsimple\Debug\sandbox.cc.pdb'; linking object as if no debug info
cef_sandbox.lib(sandbox.sandbox_nt_util.obj) : warning LNK4099: PDB 'sandbox.cc.pdb' was not found with 'cef_sandbox.lib(sandbox.sandbox_nt_util.obj)' or at 'E:\GitHub\Terros\cef-main\cefsimple\Debug\sandbox.cc.pdb'; linking object as if no debug info
cef_sandbox.lib(sandbox.sandbox_globals.obj) : warning LNK4099: PDB 'sandbox.cc.pdb' was not found with 'cef_sandbox.lib(sandbox.sandbox_globals.obj)' or at 'E:\GitHub\Terros\cef-main\cefsimple\Debug\sandbox.cc.pdb'; linking object as if no debug info
cef_sandbox.lib(sandbox.restricted_token.obj) : warning LNK4099: PDB 'sandbox.cc.pdb' was not found with 'cef_sandbox.lib(sandbox.restricted_token.obj)' or at 'E:\GitHub\Terros\cef-main\cefsimple\Debug\sandbox.cc.pdb'; linking object as if no debug info
cef_sandbox.lib(sandbox.restricted_token_utils.obj) : warning LNK4099: PDB 'sandbox.cc.pdb' was not found with 'cef_sandbox.lib(sandbox.restricted_token_utils.obj)' or at 'E:\GitHub\Terros\cef-main\cefsimple\Debug\sandbox.cc.pdb'; linking object as if no debug info
cef_sandbox.lib(sandbox.resolver.obj) : warning LNK4099: PDB 'sandbox.cc.pdb' was not found with 'cef_sandbox.lib(sandbox.resolver.obj)' or at 'E:\GitHub\Terros\cef-main\cefsimple\Debug\sandbox.cc.pdb'; linking object as if no debug info
cef_sandbox.lib(sandbox.registry_policy.obj) : warning LNK4099: PDB 'sandbox.cc.pdb' was not found with 'cef_sandbox.lib(sandbox.registry_policy.obj)' or at 'E:\GitHub\Terros\cef-main\cefsimple\Debug\sandbox.cc.pdb'; linking object as if no debug info
cef_sandbox.lib(sandbox.registry_interception.obj) : warning LNK4099: PDB 'sandbox.cc.pdb' was not found with 'cef_sandbox.lib(sandbox.registry_interception.obj)' or at 'E:\GitHub\Terros\cef-main\cefsimple\Debug\sandbox.cc.pdb'; linking object as if no debug info
cef_sandbox.lib(sandbox.registry_dispatcher.obj) : warning LNK4099: PDB 'sandbox.cc.pdb' was not found with 'cef_sandbox.lib(sandbox.registry_dispatcher.obj)' or at 'E:\GitHub\Terros\cef-main\cefsimple\Debug\sandbox.cc.pdb'; linking object as if no debug info
cef_sandbox.lib(sandbox.process_thread_policy.obj) : warning LNK4099: PDB 'sandbox.cc.pdb' was not found with 'cef_sandbox.lib(sandbox.process_thread_policy.obj)' or at 'E:\GitHub\Terros\cef-main\cefsimple\Debug\sandbox.cc.pdb'; linking object as if no debug info
cef_sandbox.lib(sandbox.process_thread_interception.obj) : warning LNK4099: PDB 'sandbox.cc.pdb' was not found with 'cef_sandbox.lib(sandbox.process_thread_interception.obj)' or at 'E:\GitHub\Terros\cef-main\cefsimple\Debug\sandbox.cc.pdb'; linking object as if no debug info
cef_sandbox.lib(sandbox.process_thread_dispatcher.obj) : warning LNK4099: PDB 'sandbox.cc.pdb' was not found with 'cef_sandbox.lib(sandbox.process_thread_dispatcher.obj)' or at 'E:\GitHub\Terros\cef-main\cefsimple\Debug\sandbox.cc.pdb'; linking object as if no debug info
cef_sandbox.lib(sandbox.process_mitigations_win32k_policy.obj) : warning LNK4099: PDB 'sandbox.cc.pdb' was not found with 'cef_sandbox.lib(sandbox.process_mitigations_win32k_policy.obj)' or at 'E:\GitHub\Terros\cef-main\cefsimple\Debug\sandbox.cc.pdb'; linking object as if no debug info
cef_sandbox.lib(sandbox.process_mitigations_win32k_interception.obj) : warning LNK4099: PDB 'sandbox.cc.pdb' was not found with 'cef_sandbox.lib(sandbox.process_mitigations_win32k_interception.obj)' or at 'E:\GitHub\Terros\cef-main\cefsimple\Debug\sandbox.cc.pdb'; linking object as if no debug info
cef_sandbox.lib(sandbox.process_mitigations_win32k_dispatcher.obj) : warning LNK4099: PDB 'sandbox.cc.pdb' was not found with 'cef_sandbox.lib(sandbox.process_mitigations_win32k_dispatcher.obj)' or at 'E:\GitHub\Terros\cef-main\cefsimple\Debug\sandbox.cc.pdb'; linking object as if no debug info
cef_sandbox.lib(sandbox.process_mitigations.obj) : warning LNK4099: PDB 'sandbox.cc.pdb' was not found with 'cef_sandbox.lib(sandbox.process_mitigations.obj)' or at 'E:\GitHub\Terros\cef-main\cefsimple\Debug\sandbox.cc.pdb'; linking object as if no debug info
cef_sandbox.lib(sandbox.policy_target.obj) : warning LNK4099: PDB 'sandbox.cc.pdb' was not found with 'cef_sandbox.lib(sandbox.policy_target.obj)' or at 'E:\GitHub\Terros\cef-main\cefsimple\Debug\sandbox.cc.pdb'; linking object as if no debug info
cef_sandbox.lib(sandbox.policy_low_level.obj) : warning LNK4099: PDB 'sandbox.cc.pdb' was not found with 'cef_sandbox.lib(sandbox.policy_low_level.obj)' or at 'E:\GitHub\Terros\cef-main\cefsimple\Debug\sandbox.cc.pdb'; linking object as if no debug info
cef_sandbox.lib(sandbox.policy_engine_processor.obj) : warning LNK4099: PDB 'sandbox.cc.pdb' was not found with 'cef_sandbox.lib(sandbox.policy_engine_processor.obj)' or at 'E:\GitHub\Terros\cef-main\cefsimple\Debug\sandbox.cc.pdb'; linking object as if no debug info
cef_sandbox.lib(sandbox.policy_engine_opcodes.obj) : warning LNK4099: PDB 'sandbox.cc.pdb' was not found with 'cef_sandbox.lib(sandbox.policy_engine_opcodes.obj)' or at 'E:\GitHub\Terros\cef-main\cefsimple\Debug\sandbox.cc.pdb'; linking object as if no debug info
cef_sandbox.lib(sandbox.policy_broker.obj) : warning LNK4099: PDB 'sandbox.cc.pdb' was not found with 'cef_sandbox.lib(sandbox.policy_broker.obj)' or at 'E:\GitHub\Terros\cef-main\cefsimple\Debug\sandbox.cc.pdb'; linking object as if no debug info
cef_sandbox.lib(sandbox.named_pipe_policy.obj) : warning LNK4099: PDB 'sandbox.cc.pdb' was not found with 'cef_sandbox.lib(sandbox.named_pipe_policy.obj)' or at 'E:\GitHub\Terros\cef-main\cefsimple\Debug\sandbox.cc.pdb'; linking object as if no debug info
cef_sandbox.lib(sandbox.named_pipe_interception.obj) : warning LNK4099: PDB 'sandbox.cc.pdb' was not found with 'cef_sandbox.lib(sandbox.named_pipe_interception.obj)' or at 'E:\GitHub\Terros\cef-main\cefsimple\Debug\sandbox.cc.pdb'; linking object as if no debug info
cef_sandbox.lib(sandbox.named_pipe_dispatcher.obj) : warning LNK4099: PDB 'sandbox.cc.pdb' was not found with 'cef_sandbox.lib(sandbox.named_pipe_dispatcher.obj)' or at 'E:\GitHub\Terros\cef-main\cefsimple\Debug\sandbox.cc.pdb'; linking object as if no debug info
cef_sandbox.lib(sandbox.job.obj) : warning LNK4099: PDB 'sandbox.cc.pdb' was not found with 'cef_sandbox.lib(sandbox.job.obj)' or at 'E:\GitHub\Terros\cef-main\cefsimple\Debug\sandbox.cc.pdb'; linking object as if no debug info
cef_sandbox.lib(sandbox.interception_agent.obj) : warning LNK4099: PDB 'sandbox.cc.pdb' was not found with 'cef_sandbox.lib(sandbox.interception_agent.obj)' or at 'E:\GitHub\Terros\cef-main\cefsimple\Debug\sandbox.cc.pdb'; linking object as if no debug info
cef_sandbox.lib(sandbox.interception.obj) : warning LNK4099: PDB 'sandbox.cc.pdb' was not found with 'cef_sandbox.lib(sandbox.interception.obj)' or at 'E:\GitHub\Terros\cef-main\cefsimple\Debug\sandbox.cc.pdb'; linking object as if no debug info
cef_sandbox.lib(sandbox.handle_closer_agent.obj) : warning LNK4099: PDB 'sandbox.cc.pdb' was not found with 'cef_sandbox.lib(sandbox.handle_closer_agent.obj)' or at 'E:\GitHub\Terros\cef-main\cefsimple\Debug\sandbox.cc.pdb'; linking object as if no debug info
cef_sandbox.lib(sandbox.handle_closer.obj) : warning LNK4099: PDB 'sandbox.cc.pdb' was not found with 'cef_sandbox.lib(sandbox.handle_closer.obj)' or at 'E:\GitHub\Terros\cef-main\cefsimple\Debug\sandbox.cc.pdb'; linking object as if no debug info
cef_sandbox.lib(sandbox.filesystem_policy.obj) : warning LNK4099: PDB 'sandbox.cc.pdb' was not found with 'cef_sandbox.lib(sandbox.filesystem_policy.obj)' or at 'E:\GitHub\Terros\cef-main\cefsimple\Debug\sandbox.cc.pdb'; linking object as if no debug info
cef_sandbox.lib(sandbox.filesystem_interception.obj) : warning LNK4099: PDB 'sandbox.cc.pdb' was not found with 'cef_sandbox.lib(sandbox.filesystem_interception.obj)' or at 'E:\GitHub\Terros\cef-main\cefsimple\Debug\sandbox.cc.pdb'; linking object as if no debug info
cef_sandbox.lib(sandbox.filesystem_dispatcher.obj) : warning LNK4099: PDB 'sandbox.cc.pdb' was not found with 'cef_sandbox.lib(sandbox.filesystem_dispatcher.obj)' or at 'E:\GitHub\Terros\cef-main\cefsimple\Debug\sandbox.cc.pdb'; linking object as if no debug info
cef_sandbox.lib(sandbox.eat_resolver.obj) : warning LNK4099: PDB 'sandbox.cc.pdb' was not found with 'cef_sandbox.lib(sandbox.eat_resolver.obj)' or at 'E:\GitHub\Terros\cef-main\cefsimple\Debug\sandbox.cc.pdb'; linking object as if no debug info
cef_sandbox.lib(sandbox.crosscall_server.obj) : warning LNK4099: PDB 'sandbox.cc.pdb' was not found with 'cef_sandbox.lib(sandbox.crosscall_server.obj)' or at 'E:\GitHub\Terros\cef-main\cefsimple\Debug\sandbox.cc.pdb'; linking object as if no debug info
cef_sandbox.lib(sandbox.broker_services.obj) : warning LNK4099: PDB 'sandbox.cc.pdb' was not found with 'cef_sandbox.lib(sandbox.broker_services.obj)' or at 'E:\GitHub\Terros\cef-main\cefsimple\Debug\sandbox.cc.pdb'; linking object as if no debug info
cef_sandbox.lib(sandbox.acl.obj) : warning LNK4099: PDB 'sandbox.cc.pdb' was not found with 'cef_sandbox.lib(sandbox.acl.obj)' or at 'E:\GitHub\Terros\cef-main\cefsimple\Debug\sandbox.cc.pdb'; linking object as if no debug info
cef_sandbox.lib(dynamic_annotations.dynamic_annotations.obj) : warning LNK4099: PDB 'dynamic_annotations.c.pdb' was not found with 'cef_sandbox.lib(dynamic_annotations.dynamic_annotations.obj)' or at 'E:\GitHub\Terros\cef-main\cefsimple\Debug\dynamic_annotations.c.pdb'; linking object as if no debug info
cef_sandbox.lib(cef_sandbox.sandbox_win.obj) : warning LNK4099: PDB 'cef_sandbox.cc.pdb' was not found with 'cef_sandbox.lib(cef_sandbox.sandbox_win.obj)' or at 'E:\GitHub\Terros\cef-main\cefsimple\Debug\cef_sandbox.cc.pdb'; linking object as if no debug info
  cefsimple.vcxproj -> E:\GitHub\Terros\cef-main\cefsimple\Debug\cefsimple.exe
